d:\desktop\progettografica\bulletbuild\examples\openglwindow\openglwindow.dir\debug\openglwindow.pdb
d:\desktop\progettografica\bulletbuild\examples\openglwindow\openglwindow.dir\debug\glad.obj
d:\desktop\progettografica\bulletbuild\examples\openglwindow\openglwindow.dir\debug\opengl_fontstashcallbacks.obj
d:\desktop\progettografica\bulletbuild\examples\openglwindow\openglwindow.dir\debug\fontstash.obj
d:\desktop\progettografica\bulletbuild\examples\openglwindow\openglwindow.dir\debug\twfonts.obj
d:\desktop\progettografica\bulletbuild\examples\openglwindow\openglwindow.dir\debug\simpleopengl3app.obj
d:\desktop\progettografica\bulletbuild\examples\openglwindow\openglwindow.dir\debug\simpleopengl2renderer.obj
d:\desktop\progettografica\bulletbuild\examples\openglwindow\openglwindow.dir\debug\simpleopengl2app.obj
d:\desktop\progettografica\bulletbuild\examples\openglwindow\openglwindow.dir\debug\simplecamera.obj
d:\desktop\progettografica\bulletbuild\examples\openglwindow\openglwindow.dir\debug\opensans.obj
d:\desktop\progettografica\bulletbuild\examples\openglwindow\openglwindow.dir\debug\loadshader.obj
d:\desktop\progettografica\bulletbuild\examples\openglwindow\openglwindow.dir\debug\glrendertotexture.obj
d:\desktop\progettografica\bulletbuild\examples\openglwindow\openglwindow.dir\debug\glprimitiverenderer.obj
d:\desktop\progettografica\bulletbuild\examples\openglwindow\openglwindow.dir\debug\glinstancingrenderer.obj
d:\desktop\progettografica\bulletbuild\examples\openglwindow\openglwindow.dir\debug\glfwopenglwindow.obj
d:\desktop\progettografica\bulletbuild\examples\openglwindow\openglwindow.dir\debug\eglopenglwindow.obj
d:\desktop\progettografica\bulletbuild\examples\openglwindow\openglwindow.dir\debug\win32window.obj
d:\desktop\progettografica\bulletbuild\examples\openglwindow\openglwindow.dir\debug\win32openglwindow.obj
d:\desktop\progettografica\bulletbuild\examples\openglwindow\openglwindow.dir\debug\b3resourcepath.obj
d:\desktop\progettografica\bulletbuild\examples\openglwindow\openglwindow.dir\debug\tiny_obj_loader.obj
d:\desktop\progettografica\bulletbuild\examples\openglwindow\openglwindow.dir\debug\wavefront2glinstancegraphicsshape.obj
d:\desktop\progettografica\bulletbuild\examples\openglwindow\openglwindow.dir\debug\loadmeshfromobj.obj
d:\desktop\progettografica\bulletbuild\examples\openglwindow\cmakefiles\generate.stamp
d:\desktop\progettografica\bulletbuild\lib\debug\openglwindow_debug.lib
d:\desktop\progettografica\bulletbuild\examples\openglwindow\openglwindow.dir\debug\openglwindow.tlog\cl.command.1.tlog
d:\desktop\progettografica\bulletbuild\examples\openglwindow\openglwindow.dir\debug\openglwindow.tlog\cl.read.1.tlog
d:\desktop\progettografica\bulletbuild\examples\openglwindow\openglwindow.dir\debug\openglwindow.tlog\cl.write.1.tlog
d:\desktop\progettografica\bulletbuild\examples\openglwindow\openglwindow.dir\debug\openglwindow.tlog\custombuild.command.1.tlog
d:\desktop\progettografica\bulletbuild\examples\openglwindow\openglwindow.dir\debug\openglwindow.tlog\custombuild.read.1.tlog
d:\desktop\progettografica\bulletbuild\examples\openglwindow\openglwindow.dir\debug\openglwindow.tlog\custombuild.write.1.tlog
d:\desktop\progettografica\bulletbuild\examples\openglwindow\openglwindow.dir\debug\openglwindow.tlog\lib-link.read.1.tlog
d:\desktop\progettografica\bulletbuild\examples\openglwindow\openglwindow.dir\debug\openglwindow.tlog\lib-link.write.1.tlog
d:\desktop\progettografica\bulletbuild\examples\openglwindow\openglwindow.dir\debug\openglwindow.tlog\lib.command.1.tlog
