d:\desktop\progettografica\assimpbuild\contrib\zlib\zlibstatic.dir\debug\adler32.obj
d:\desktop\progettografica\assimpbuild\contrib\zlib\zlibstatic.dir\debug\gzwrite.obj
d:\desktop\progettografica\assimpbuild\contrib\zlib\zlibstatic.dir\debug\infback.obj
d:\desktop\progettografica\assimpbuild\contrib\zlib\zlibstatic.dir\debug\uncompr.obj
d:\desktop\progettografica\assimpbuild\contrib\zlib\zlibstatic.dir\debug\crc32.obj
d:\desktop\progettografica\assimpbuild\contrib\zlib\zlibstatic.dir\debug\zutil.obj
d:\desktop\progettografica\assimpbuild\contrib\zlib\zlibstatic.dir\debug\compress.obj
d:\desktop\progettografica\assimpbuild\contrib\zlib\zlibstatic.dir\debug\gzclose.obj
d:\desktop\progettografica\assimpbuild\contrib\zlib\zlibstatic.dir\debug\gzlib.obj
d:\desktop\progettografica\assimpbuild\contrib\zlib\zlibstatic.dir\debug\inflate.obj
d:\desktop\progettografica\assimpbuild\contrib\zlib\zlibstatic.dir\debug\trees.obj
d:\desktop\progettografica\assimpbuild\contrib\zlib\zlibstatic.dir\debug\deflate.obj
d:\desktop\progettografica\assimpbuild\contrib\zlib\zlibstatic.dir\debug\gzread.obj
d:\desktop\progettografica\assimpbuild\contrib\zlib\zlibstatic.dir\debug\inftrees.obj
d:\desktop\progettografica\assimpbuild\contrib\zlib\zlibstatic.dir\debug\inffast.obj
d:\desktop\progettografica\assimpbuild\contrib\zlib\zlibstatic.dir\debug\zlibstatic.pdb
d:\desktop\progettografica\assimpbuild\contrib\zlib\cmakefiles\generate.stamp
d:\desktop\progettografica\assimpbuild\contrib\zlib\debug\zlibstaticd.lib
d:\desktop\progettografica\assimpbuild\contrib\zlib\zlibstatic.dir\debug\zlibstatic.tlog\cl.10728.write.1.tlog
d:\desktop\progettografica\assimpbuild\contrib\zlib\zlibstatic.dir\debug\zlibstatic.tlog\cl.command.1.tlog
d:\desktop\progettografica\assimpbuild\contrib\zlib\zlibstatic.dir\debug\zlibstatic.tlog\cl.read.1.tlog
d:\desktop\progettografica\assimpbuild\contrib\zlib\zlibstatic.dir\debug\zlibstatic.tlog\custombuild.command.1.tlog
d:\desktop\progettografica\assimpbuild\contrib\zlib\zlibstatic.dir\debug\zlibstatic.tlog\custombuild.read.1.tlog
d:\desktop\progettografica\assimpbuild\contrib\zlib\zlibstatic.dir\debug\zlibstatic.tlog\custombuild.write.1.tlog
d:\desktop\progettografica\assimpbuild\contrib\zlib\zlibstatic.dir\debug\zlibstatic.tlog\lib-link.read.1.tlog
d:\desktop\progettografica\assimpbuild\contrib\zlib\zlibstatic.dir\debug\zlibstatic.tlog\lib-link.write.1.tlog
d:\desktop\progettografica\assimpbuild\contrib\zlib\zlibstatic.dir\debug\zlibstatic.tlog\lib.command.1.tlog
