d:\desktop\progettografica\bulletbuild\src\linearmath\linearmath.dir\debug\linearmath.pdb
d:\desktop\progettografica\bulletbuild\src\linearmath\linearmath.dir\debug\btthreadsupportwin32.obj
d:\desktop\progettografica\bulletbuild\src\linearmath\linearmath.dir\debug\btthreadsupportposix.obj
d:\desktop\progettografica\bulletbuild\src\linearmath\linearmath.dir\debug\bttaskscheduler.obj
d:\desktop\progettografica\bulletbuild\src\linearmath\linearmath.dir\debug\btvector3.obj
d:\desktop\progettografica\bulletbuild\src\linearmath\linearmath.dir\debug\btthreads.obj
d:\desktop\progettografica\bulletbuild\src\linearmath\linearmath.dir\debug\btserializer64.obj
d:\desktop\progettografica\bulletbuild\src\linearmath\linearmath.dir\debug\btserializer.obj
d:\desktop\progettografica\bulletbuild\src\linearmath\linearmath.dir\debug\btquickprof.obj
d:\desktop\progettografica\bulletbuild\src\linearmath\linearmath.dir\debug\btpolardecomposition.obj
d:\desktop\progettografica\bulletbuild\src\linearmath\linearmath.dir\debug\btgeometryutil.obj
d:\desktop\progettografica\bulletbuild\src\linearmath\linearmath.dir\debug\btconvexhullcomputer.obj
d:\desktop\progettografica\bulletbuild\src\linearmath\linearmath.dir\debug\btconvexhull.obj
d:\desktop\progettografica\bulletbuild\src\linearmath\linearmath.dir\debug\btalignedallocator.obj
d:\desktop\progettografica\bulletbuild\src\linearmath\cmakefiles\generate.stamp
d:\desktop\progettografica\bulletbuild\lib\debug\linearmath_debug.lib
d:\desktop\progettografica\bulletbuild\src\linearmath\linearmath.dir\debug\linearmath.tlog\cl.command.1.tlog
d:\desktop\progettografica\bulletbuild\src\linearmath\linearmath.dir\debug\linearmath.tlog\cl.read.1.tlog
d:\desktop\progettografica\bulletbuild\src\linearmath\linearmath.dir\debug\linearmath.tlog\cl.write.1.tlog
d:\desktop\progettografica\bulletbuild\src\linearmath\linearmath.dir\debug\linearmath.tlog\custombuild.command.1.tlog
d:\desktop\progettografica\bulletbuild\src\linearmath\linearmath.dir\debug\linearmath.tlog\custombuild.read.1.tlog
d:\desktop\progettografica\bulletbuild\src\linearmath\linearmath.dir\debug\linearmath.tlog\custombuild.write.1.tlog
d:\desktop\progettografica\bulletbuild\src\linearmath\linearmath.dir\debug\linearmath.tlog\lib-link.read.1.tlog
d:\desktop\progettografica\bulletbuild\src\linearmath\linearmath.dir\debug\linearmath.tlog\lib-link.write.1.tlog
d:\desktop\progettografica\bulletbuild\src\linearmath\linearmath.dir\debug\linearmath.tlog\lib.command.1.tlog
